<?xml version="1.0" encoding="UTF-8"?>
<testng-results ignored="0" total="1" passed="1" failed="0" skipped="0">
  <reporter-output>
  </reporter-output>
  <suite started-at="2023-02-20T17:07:47 IST" name="Default suite" finished-at="2023-02-20T17:07:51 IST" duration-ms="4637">
    <groups>
    </groups>
    <test started-at="2023-02-20T17:07:47 IST" name="Default test" finished-at="2023-02-20T17:07:51 IST" duration-ms="4637">
      <class name="Authentication.Auth2">
        <test-method signature="auth2()[pri:0, instance:Authentication.Auth2@77eca502]" started-at="2023-02-20T17:07:47 IST" name="auth2" finished-at="2023-02-20T17:07:51 IST" duration-ms="4577" status="PASS">
          <reporter-output>
          </reporter-output>
        </test-method> <!-- auth2 -->
      </class> <!-- Authentication.Auth2 -->
    </test> <!-- Default test -->
  </suite> <!-- Default suite -->
</testng-results>
